*** Starting uWSGI 2.0.18 (32bit) on [Fri May 22 20:12:47 2020] ***
compiled with version: 8.3.0 on 16 July 2019 12:06:45
os: Linux-4.19.97-v7l+ #1294 SMP Thu Jan 30 13:21:14 GMT 2020
nodename: raspberrypi
machine: armv7l
clock source: unix
pcre jit disabled
detected number of CPU cores: 4
current working directory: /home/pi/rasp-pi-flask
detected binary path: /home/pi/rasp-pi-flask/bin/uwsgi
*** WARNING: you are running uWSGI without its master process manager ***
your processes number limit is 29184
your memory page size is 4096 bytes
detected max file descriptor number: 1024
lock engine: pthread robust mutexes
thunder lock: disabled (you can enable it with --thunder-lock)
uwsgi socket 0 bound to UNIX address /home/pi/rasp-pi-flask/app_uwsgi.sock fd 3
Python version: 3.7.3 (default, Dec 20 2019, 18:57:59)  [GCC 8.3.0]
PEP 405 virtualenv detected: /home/pi/rasp-pi-flask
Set PythonHome to /home/pi/rasp-pi-flask
*** Python threads support is disabled. You can enable it with --enable-threads ***
Python main interpreter initialized at 0xafc858
your server socket listen backlog is limited to 100 connections
your mercy for graceful operations on workers is 60 seconds
mapped 64400 bytes (62 KB) for 1 cores
*** Operational MODE: single process ***
added /home/pi/rasp-pi-flask/ to pythonpath.
WSGI app 0 (mountpoint='') ready in 0 seconds on interpreter 0xafc858 pid: 8305 (default app)
*** uWSGI is running in multiple interpreter mode ***
spawned uWSGI worker 1 (and the only) (pid: 8305, cores: 1)
*** Starting uWSGI 2.0.18 (32bit) on [Fri May 22 20:15:20 2020] ***
compiled with version: 8.3.0 on 16 July 2019 12:06:45
os: Linux-4.19.97-v7l+ #1294 SMP Thu Jan 30 13:21:14 GMT 2020
nodename: raspberrypi
machine: armv7l
clock source: unix
pcre jit disabled
detected number of CPU cores: 4
current working directory: /home/pi/rasp-pi-flask
detected binary path: /home/pi/rasp-pi-flask/bin/uwsgi
*** WARNING: you are running uWSGI without its master process manager ***
your processes number limit is 29184
your memory page size is 4096 bytes
detected max file descriptor number: 1024
lock engine: pthread robust mutexes
thunder lock: disabled (you can enable it with --thunder-lock)
uwsgi socket 0 bound to UNIX address /home/pi/rasp-pi-flask/app_uwsgi.sock fd 3
Python version: 3.7.3 (default, Dec 20 2019, 18:57:59)  [GCC 8.3.0]
PEP 405 virtualenv detected: /home/pi/rasp-pi-flask
Set PythonHome to /home/pi/rasp-pi-flask
*** Python threads support is disabled. You can enable it with --enable-threads ***
Python main interpreter initialized at 0x1adc858
your server socket listen backlog is limited to 100 connections
your mercy for graceful operations on workers is 60 seconds
mapped 64400 bytes (62 KB) for 1 cores
*** Operational MODE: single process ***
added /home/pi/rasp-pi-flask/ to pythonpath.
WSGI app 0 (mountpoint='') ready in 1 seconds on interpreter 0x1adc858 pid: 8357 (default app)
*** uWSGI is running in multiple interpreter mode ***
spawned uWSGI worker 1 (and the only) (pid: 8357, cores: 1)
[pid: 8357|app: 0|req: 1/1] 192.168.254.41 () {42 vars in 643 bytes} [Fri May 22 20:15:26 2020] GET / => generated 12 bytes in 2 msecs (HTTP/1.1 200) 2 headers in 79 bytes (1 switches on core 0)
